<?xml version="1.0" encoding="utf-8"?><testsuites name="pytest tests"><testsuite name="pytest" errors="0" failures="2" skipped="0" tests="14" time="4.167" timestamp="2026-08-27T02:27:02.529147+00:00" hostname="agent-env-9bf0d244-35be-4958-901c-730f9bc56d38"><testcase classname="tests.test_iteration4_features.TestReconcile" name="test_reconcile_fake_trade_id_404" time="0.905" /><testcase classname="tests.test_iteration4_features.TestBridge" name="test_bridge_chains_returns_non_empty" time="1.107" /><testcase classname="tests.test_iteration4_features.TestReconcile" name="test_reconcile_requires_auth" time="0.081" /><testcase classname="tests.test_iteration4_features.TestReconcile" name="test_reconcile_only_onchain_trades" time="0.740" /><testcase classname="tests.test_iteration4_features.TestBridge" name="test_bridge_chains_requires_auth" time="0.094" /><testcase classname="tests.test_iteration4_features.TestBridge" name="test_bridge_quote_does_not_crash_on_zero_address" time="0.306" /><testcase classname="tests.test_iteration4_features.TestOneInch" name="test_oneinch_status_returns_200_gracefully" time="1.874" /><testcase classname="tests.test_iteration4_features.TestReconcile" name="test_reconcile_real_onchain_pending_or_status" time="1.317" /><testcase classname="tests.test_iteration4_features.TestScannerNew" name="test_opportunities_include_cross_chain_field" time="0.177" /><testcase classname="tests.test_iteration4_features.TestScannerNew" name="test_opportunities_may_include_solana" time="0.120" /><testcase classname="tests.test_iteration4_features.TestScannerNew" name="test_cross_chain_opportunity_detail_has_bridge_step" time="0.266" /><testcase classname="tests.test_iteration4_features.TestOneInch" name="test_oneinch_requires_auth" time="0.098" /><testcase classname="tests.test_iteration4_features.TestSolana" name="test_solana_quote_returns_outamount" time="0.248"><failure message="AssertionError: {&quot;detail&quot;:&quot;Method Not Allowed&quot;}&#10;assert 405 == 200&#10; +  where 405 = &lt;Response [405]&gt;.status_code">backend/tests/test_iteration4_features.py:77: in test_solana_quote_returns_outamount
    assert r.status_code == 200, r.text
E   AssertionError: {"detail":"Method Not Allowed"}
E   assert 405 == 200
E    +  where 405 = &lt;Response [405]&gt;.status_code</failure></testcase><testcase classname="tests.test_iteration4_features.TestSolana" name="test_solana_quote_requires_auth" time="0.088"><failure message="assert 405 == 401&#10; +  where 405 = &lt;Response [405]&gt;.status_code">backend/tests/test_iteration4_features.py:87: in test_solana_quote_requires_auth
    assert r.status_code == 401
E   assert 405 == 401
E    +  where 405 = &lt;Response [405]&gt;.status_code</failure></testcase></testsuite></testsuites>