<?xml version="1.0" encoding="utf-8"?><testsuites name="pytest tests"><testsuite name="pytest" errors="0" failures="0" skipped="0" tests="7" time="2.567" timestamp="2026-08-27T21:06:36.282873+00:00" hostname="agent-env-9bf0d244-35be-4958-901c-730f9bc56d38"><testcase classname="tests.test_iteration8_automode.TestAuthMeProfileFields" name="test_me_returns_picture_and_auth_provider_for_email_user" time="0.634" /><testcase classname="tests.test_iteration8_automode.TestAuthMeProfileFields" name="test_register_response_includes_picture_and_auth_provider" time="0.380" /><testcase classname="tests.test_iteration8_automode.TestSimulatedTradeExecution" name="test_execute_simulated_decrements_or_increments_balance_by_net_profit" time="1.779" /><testcase classname="tests.test_iteration8_automode.TestAuthGuard" name="test_me_requires_bearer" time="0.147" /><testcase classname="tests.test_iteration8_automode.TestAuthGuard" name="test_execute_requires_bearer" time="0.139" /><testcase classname="tests.test_iteration8_automode.TestSimulatedTradeExecution" name="test_execute_rejects_over_balance" time="0.319" /><testcase classname="tests.test_iteration8_automode.TestSimulatedTradeExecution" name="test_execute_rejects_unknown_opportunity" time="0.131" /></testsuite></testsuites>