<?xml version="1.0" encoding="utf-8"?><testsuites name="pytest tests"><testsuite name="pytest" errors="0" failures="0" skipped="0" tests="5" time="3.181" timestamp="2026-08-27T03:15:35.853237+00:00" hostname="agent-env-9bf0d244-35be-4958-901c-730f9bc56d38"><testcase classname="tests.test_iteration6_smoke.TestScannerRegression" name="test_opportunities_ok" time="0.958" /><testcase classname="tests.test_iteration6_smoke.TestBridgeQuote" name="test_bridge_quote_returns_valid_response" time="2.437" /><testcase classname="tests.test_iteration6_smoke.TestScannerRegression" name="test_opportunity_detail_ok" time="0.349" /><testcase classname="tests.test_iteration6_smoke.TestTradeExecute" name="test_execute_simulated_trade" time="0.292" /><testcase classname="tests.test_iteration6_smoke.TestOnChainTradeSeed" name="test_create_onchain_trade_row" time="0.415" /></testsuite></testsuites>