<?xml version="1.0" encoding="utf-8"?><testsuites name="pytest tests"><testsuite name="pytest" errors="0" failures="0" skipped="0" tests="11" time="2.789" timestamp="2026-08-27T20:29:36.896596+00:00" hostname="agent-env-9bf0d244-35be-4958-901c-730f9bc56d38"><testcase classname="tests.test_iteration7_google_auth.TestGoogleSessionEndpoint" name="test_session_missing_body_returns_422" time="0.324" /><testcase classname="tests.test_iteration7_google_auth.TestGoogleSessionEndpoint" name="test_session_invalid_session_id_returns_401" time="0.350" /><testcase classname="tests.test_iteration7_google_auth.TestProtectedEndpointsWithJwt" name="test_scanner_opportunities_with_jwt" time="1.443" /><testcase classname="tests.test_iteration7_google_auth.TestGoogleSessionEndpoint" name="test_session_empty_session_id_returns_401" time="0.132" /><testcase classname="tests.test_iteration7_google_auth.TestEmailPasswordAuthRegression" name="test_register_login_me_flow" time="0.745" /><testcase classname="tests.test_iteration7_google_auth.TestProtectedEndpointsWithJwt" name="test_scanner_opportunities_missing_auth_returns_401" time="0.197" /><testcase classname="tests.test_iteration7_google_auth.TestEmailPasswordAuthRegression" name="test_me_with_invalid_bearer_returns_401" time="0.139" /><testcase classname="tests.test_iteration7_google_auth.TestProtectedEndpointsWithJwt" name="test_scanner_opportunities_bad_token_returns_401" time="0.123" /><testcase classname="tests.test_iteration7_google_auth.TestProtectedEndpointsWithJwt" name="test_portfolio_summary_with_jwt" time="0.222" /><testcase classname="tests.test_iteration7_google_auth.TestProtectedEndpointsWithJwt" name="test_market_overview_with_jwt" time="0.326" /><testcase classname="tests.test_iteration7_google_auth.TestProtectedEndpointsWithJwt" name="test_trades_history_with_jwt" time="0.138" /></testsuite></testsuites>