<?xml version="1.0" encoding="utf-8"?><testsuites name="pytest tests"><testsuite name="pytest" errors="0" failures="0" skipped="0" tests="22" time="3.654" timestamp="2026-08-27T02:17:50.685719+00:00" hostname="agent-env-9bf0d244-35be-4958-901c-730f9bc56d38"><testcase classname="tests.test_arbscout_api.TestAuth" name="test_register_creates_user_with_jwt" time="0.459" /><testcase classname="tests.test_arbscout_api.TestScanner" name="test_opportunities_returns_list" time="1.094" /><testcase classname="tests.test_arbscout_api.TestAuth" name="test_register_duplicate_returns_409" time="0.615" /><testcase classname="tests.test_arbscout_api.TestAuth" name="test_register_short_password_422" time="0.136" /><testcase classname="tests.test_arbscout_api.TestScanner" name="test_opportunities_min_spread_filter" time="0.152" /><testcase classname="tests.test_arbscout_api.TestAuth" name="test_login_success" time="0.331" /><testcase classname="tests.test_arbscout_api.TestScanner" name="test_opportunities_chain_filter" time="0.274" /><testcase classname="tests.test_arbscout_api.TestScanner" name="test_opportunity_detail_returns_route" time="0.342" /><testcase classname="tests.test_arbscout_api.TestAuth" name="test_login_invalid_returns_401" time="0.316" /><testcase classname="tests.test_arbscout_api.TestAuth" name="test_me_requires_bearer" time="0.060" /><testcase classname="tests.test_arbscout_api.TestScanner" name="test_opportunity_detail_not_found" time="0.190" /><testcase classname="tests.test_arbscout_api.TestAuth" name="test_me_returns_user" time="0.176" /><testcase classname="tests.test_arbscout_api.TestTrades" name="test_execute_trade_and_verify_persistence" time="0.607" /><testcase classname="tests.test_arbscout_api.TestMarket" name="test_market_overview_returns_tokens_with_prices" time="0.132" /><testcase classname="tests.test_arbscout_api.TestMarket" name="test_market_overview_requires_auth" time="0.119" /><testcase classname="tests.test_arbscout_api.TestPortfolio" name="test_portfolio_summary" time="0.124" /><testcase classname="tests.test_arbscout_api.TestPortfolio" name="test_portfolio_requires_auth" time="0.070" /><testcase classname="tests.test_arbscout_api.TestHealth" name="test_health" time="0.063" /><testcase classname="tests.test_arbscout_api.TestTrades" name="test_execute_trade_insufficient_balance" time="0.306" /><testcase classname="tests.test_arbscout_api.TestTrades" name="test_execute_trade_invalid_opp" time="0.122" /><testcase classname="tests.test_arbscout_api.TestTrades" name="test_execute_trade_requires_auth" time="0.078" /><testcase classname="tests.test_arbscout_api.TestTrades" name="test_history_returns_trades_and_stats" time="0.151" /></testsuite></testsuites>