<?xml version="1.0" encoding="utf-8"?><testsuites name="pytest tests"><testsuite name="pytest" errors="0" failures="4" skipped="3" tests="22" time="3.481" timestamp="2026-08-24T09:17:40.164077+00:00" hostname="agent-env-9bf0d244-35be-4958-901c-730f9bc56d38"><testcase classname="tests.test_arbscout_api.TestAuth" name="test_register_creates_user_with_jwt" time="0.530"><failure message="AssertionError: assert 'test_e449d7ac6f@arbscout.io' == 'TEST_e449d7ac6f@arbscout.io'&#10;  &#10;  - TEST_e449d7ac6f@arbscout.io&#10;  ? ^^^^&#10;  + test_e449d7ac6f@arbscout.io&#10;  ? ^^^^">backend/tests/test_arbscout_api.py:30: in test_register_creates_user_with_jwt
    assert d["user"]["email"] == email
E   AssertionError: assert 'test_e449d7ac6f@arbscout.io' == 'TEST_e449d7ac6f@arbscout.io'
E     
E     - TEST_e449d7ac6f@arbscout.io
E     ? ^^^^
E     + test_e449d7ac6f@arbscout.io
E     ? ^^^^</failure></testcase><testcase classname="tests.test_arbscout_api.TestScanner" name="test_opportunities_returns_list" time="1.294" /><testcase classname="tests.test_arbscout_api.TestAuth" name="test_register_duplicate_returns_409" time="0.716" /><testcase classname="tests.test_arbscout_api.TestAuth" name="test_register_short_password_422" time="0.109" /><testcase classname="tests.test_arbscout_api.TestScanner" name="test_opportunities_min_spread_filter" time="0.693" /><testcase classname="tests.test_arbscout_api.TestAuth" name="test_login_success" time="0.295"><failure message="AssertionError: assert 'test_50e7f4e...d@arbscout.io' == 'TEST_50e7f4e...d@arbscout.io'&#10;  &#10;  - TEST_50e7f4e6872d@arbscout.io&#10;  ? ^^^^&#10;  + test_50e7f4e6872d@arbscout.io&#10;  ? ^^^^">backend/tests/test_arbscout_api.py:57: in test_login_success
    assert d["user"]["email"] == test_user["email"]
E   AssertionError: assert 'test_50e7f4e...d@arbscout.io' == 'TEST_50e7f4e...d@arbscout.io'
E     
E     - TEST_50e7f4e6872d@arbscout.io
E     ? ^^^^
E     + test_50e7f4e6872d@arbscout.io
E     ? ^^^^</failure></testcase><testcase classname="tests.test_arbscout_api.TestAuth" name="test_login_invalid_returns_401" time="0.288" /><testcase classname="tests.test_arbscout_api.TestAuth" name="test_me_requires_bearer" time="0.060" /><testcase classname="tests.test_arbscout_api.TestScanner" name="test_opportunities_chain_filter" time="0.285" /><testcase classname="tests.test_arbscout_api.TestAuth" name="test_me_returns_user" time="0.113"><failure message="AssertionError: assert 'test_50e7f4e...d@arbscout.io' == 'TEST_50e7f4e...d@arbscout.io'&#10;  &#10;  - TEST_50e7f4e6872d@arbscout.io&#10;  ? ^^^^&#10;  + test_50e7f4e6872d@arbscout.io&#10;  ? ^^^^">backend/tests/test_arbscout_api.py:74: in test_me_returns_user
    assert d["email"] == test_user["email"]
E   AssertionError: assert 'test_50e7f4e...d@arbscout.io' == 'TEST_50e7f4e...d@arbscout.io'
E     
E     - TEST_50e7f4e6872d@arbscout.io
E     ? ^^^^
E     + test_50e7f4e6872d@arbscout.io
E     ? ^^^^</failure></testcase><testcase classname="tests.test_arbscout_api.TestTrades" name="test_execute_trade_and_verify_persistence" time="0.172"><skipped type="pytest.skip" message="no opportunities available">/app/backend/tests/test_arbscout_api.py:167: no opportunities available</skipped></testcase><testcase classname="tests.test_arbscout_api.TestScanner" name="test_opportunity_detail_returns_route" time="0.188"><skipped type="pytest.skip" message="no opportunities available">/app/backend/tests/test_arbscout_api.py:140: no opportunities available</skipped></testcase><testcase classname="tests.test_arbscout_api.TestTrades" name="test_execute_trade_insufficient_balance" time="0.170"><skipped type="pytest.skip" message="no opportunities available">/app/backend/tests/test_arbscout_api.py:205: no opportunities available</skipped></testcase><testcase classname="tests.test_arbscout_api.TestScanner" name="test_opportunity_detail_not_found" time="0.193" /><testcase classname="tests.test_arbscout_api.TestTrades" name="test_execute_trade_invalid_opp" time="0.349" /><testcase classname="tests.test_arbscout_api.TestMarket" name="test_market_overview_returns_tokens_with_prices" time="0.183"><failure message="AssertionError: Expected at least one token (CoinGecko may be rate limited)&#10;assert 0 &gt; 0&#10; +  where 0 = len([])">backend/tests/test_arbscout_api.py:85: in test_market_overview_returns_tokens_with_prices
    assert len(d["tokens"]) &gt; 0, "Expected at least one token (CoinGecko may be rate limited)"
E   AssertionError: Expected at least one token (CoinGecko may be rate limited)
E   assert 0 &gt; 0
E    +  where 0 = len([])</failure></testcase><testcase classname="tests.test_arbscout_api.TestTrades" name="test_execute_trade_requires_auth" time="0.063" /><testcase classname="tests.test_arbscout_api.TestMarket" name="test_market_overview_requires_auth" time="0.108" /><testcase classname="tests.test_arbscout_api.TestTrades" name="test_history_returns_trades_and_stats" time="0.108" /><testcase classname="tests.test_arbscout_api.TestPortfolio" name="test_portfolio_summary" time="0.114" /><testcase classname="tests.test_arbscout_api.TestHealth" name="test_health" time="0.110" /><testcase classname="tests.test_arbscout_api.TestPortfolio" name="test_portfolio_requires_auth" time="0.065" /></testsuite></testsuites>